{"/home/omairapalacios/Documents/My_Projects/LIM011-fe-burger-queen-api/config.js": {"path":"/home/omairapalacios/Documents/My_Projects/LIM011-fe-burger-queen-api/config.js","statementMap":{"0":{"start":{"line":1,"column":0},"end":{"line":1,"column":59}},"1":{"start":{"line":2,"column":0},"end":{"line":2,"column":75}},"2":{"start":{"line":3,"column":0},"end":{"line":3,"column":73}},"3":{"start":{"line":4,"column":0},"end":{"line":4,"column":67}},"4":{"start":{"line":5,"column":0},"end":{"line":5,"column":65}}},"fnMap":{},"branchMap":{"0":{"loc":{"start":{"line":1,"column":15},"end":{"line":1,"column":58}},"type":"binary-expr","locations":[{"start":{"line":1,"column":15},"end":{"line":1,"column":30}},{"start":{"line":1,"column":34},"end":{"line":1,"column":50}},{"start":{"line":1,"column":54},"end":{"line":1,"column":58}}],"line":1},"1":{"loc":{"start":{"line":2,"column":16},"end":{"line":2,"column":74}},"type":"binary-expr","locations":[{"start":{"line":2,"column":16},"end":{"line":2,"column":34}},{"start":{"line":2,"column":38},"end":{"line":2,"column":74}}],"line":2},"2":{"loc":{"start":{"line":3,"column":17},"end":{"line":3,"column":72}},"type":"binary-expr","locations":[{"start":{"line":3,"column":17},"end":{"line":3,"column":39}},{"start":{"line":3,"column":43},"end":{"line":3,"column":72}}],"line":3},"3":{"loc":{"start":{"line":4,"column":21},"end":{"line":4,"column":66}},"type":"binary-expr","locations":[{"start":{"line":4,"column":21},"end":{"line":4,"column":44}},{"start":{"line":4,"column":48},"end":{"line":4,"column":66}}],"line":4},"4":{"loc":{"start":{"line":5,"column":24},"end":{"line":5,"column":64}},"type":"binary-expr","locations":[{"start":{"line":5,"column":24},"end":{"line":5,"column":50}},{"start":{"line":5,"column":54},"end":{"line":5,"column":64}}],"line":5}},"s":{"0":1,"1":1,"2":1,"3":1,"4":1},"f":{},"b":{"0":[1,0,0],"1":[1,1],"2":[1,1],"3":[1,1],"4":[1,1]},"_coverageSchema":"43e27e138ebf9cfc5966b082cf9a028302ed4184","hash":"12d1e2640e7e4fa204abd088b3aa3fc4f510f173"}
,"/home/omairapalacios/Documents/My_Projects/LIM011-fe-burger-queen-api/connection/collection.js": {"path":"/home/omairapalacios/Documents/My_Projects/LIM011-fe-burger-queen-api/connection/collection.js","statementMap":{"0":{"start":{"line":1,"column":20},"end":{"line":1,"column":43}},"1":{"start":{"line":3,"column":0},"end":{"line":4,"column":47}},"2":{"start":{"line":3,"column":37},"end":{"line":4,"column":46}},"3":{"start":{"line":4,"column":16},"end":{"line":4,"column":45}}},"fnMap":{"0":{"name":"(anonymous_0)","decl":{"start":{"line":3,"column":17},"end":{"line":3,"column":18}},"loc":{"start":{"line":3,"column":37},"end":{"line":4,"column":46}},"line":3},"1":{"name":"(anonymous_1)","decl":{"start":{"line":4,"column":8},"end":{"line":4,"column":9}},"loc":{"start":{"line":4,"column":16},"end":{"line":4,"column":45}},"line":4}},"branchMap":{},"s":{"0":1,"1":1,"2":4,"3":4},"f":{"0":4,"1":4},"b":{},"_coverageSchema":"43e27e138ebf9cfc5966b082cf9a028302ed4184","hash":"6f895a767d0329ef090951ee1d76fa6ba27bdb0d"}
,"/home/omairapalacios/Documents/My_Projects/LIM011-fe-burger-queen-api/connection/connect_db.js": {"path":"/home/omairapalacios/Documents/My_Projects/LIM011-fe-burger-queen-api/connection/connect_db.js","statementMap":{"0":{"start":{"line":1,"column":24},"end":{"line":1,"column":42}},"1":{"start":{"line":2,"column":15},"end":{"line":2,"column":35}},"2":{"start":{"line":6,"column":0},"end":{"line":15,"column":2}},"3":{"start":{"line":7,"column":2},"end":{"line":13,"column":3}},"4":{"start":{"line":8,"column":4},"end":{"line":12,"column":9}},"5":{"start":{"line":10,"column":8},"end":{"line":10,"column":45}},"6":{"start":{"line":11,"column":8},"end":{"line":11,"column":24}},"7":{"start":{"line":14,"column":2},"end":{"line":14,"column":35}}},"fnMap":{"0":{"name":"(anonymous_0)","decl":{"start":{"line":6,"column":17},"end":{"line":6,"column":18}},"loc":{"start":{"line":6,"column":23},"end":{"line":15,"column":1}},"line":6},"1":{"name":"(anonymous_1)","decl":{"start":{"line":9,"column":12},"end":{"line":9,"column":13}},"loc":{"start":{"line":9,"column":24},"end":{"line":12,"column":7}},"line":9}},"branchMap":{"0":{"loc":{"start":{"line":7,"column":2},"end":{"line":13,"column":3}},"type":"if","locations":[{"start":{"line":7,"column":2},"end":{"line":13,"column":3}},{"start":{"line":7,"column":2},"end":{"line":13,"column":3}}],"line":7}},"s":{"0":1,"1":1,"2":1,"3":4,"4":1,"5":1,"6":1,"7":3},"f":{"0":4,"1":1},"b":{"0":[1,3]},"_coverageSchema":"43e27e138ebf9cfc5966b082cf9a028302ed4184","hash":"58662011914d30893bc6c71fb8e6533151ab8faf"}
,"/home/omairapalacios/Documents/My_Projects/LIM011-fe-burger-queen-api/controller/users.js": {"path":"/home/omairapalacios/Documents/My_Projects/LIM011-fe-burger-queen-api/controller/users.js","statementMap":{"0":{"start":{"line":1,"column":15},"end":{"line":1,"column":32}},"1":{"start":{"line":2,"column":55},"end":{"line":2,"column":80}},"2":{"start":{"line":3,"column":19},"end":{"line":3,"column":54}},"3":{"start":{"line":5,"column":0},"end":{"line":131,"column":2}},"4":{"start":{"line":8,"column":16},"end":{"line":8,"column":65}},"5":{"start":{"line":11,"column":18},"end":{"line":11,"column":53}},"6":{"start":{"line":14,"column":17},"end":{"line":14,"column":50}},"7":{"start":{"line":17,"column":4},"end":{"line":29,"column":9}},"8":{"start":{"line":18,"column":32},"end":{"line":18,"column":54}},"9":{"start":{"line":20,"column":28},"end":{"line":20,"column":52}},"10":{"start":{"line":21,"column":21},"end":{"line":21,"column":43}},"11":{"start":{"line":23,"column":8},"end":{"line":28,"column":13}},"12":{"start":{"line":24,"column":36},"end":{"line":24,"column":91}},"13":{"start":{"line":26,"column":12},"end":{"line":26,"column":75}},"14":{"start":{"line":27,"column":12},"end":{"line":27,"column":29}},"15":{"start":{"line":32,"column":4},"end":{"line":34,"column":5}},"16":{"start":{"line":33,"column":6},"end":{"line":33,"column":23}},"17":{"start":{"line":34,"column":6},"end":{"line":36,"column":5}},"18":{"start":{"line":35,"column":6},"end":{"line":35,"column":23}},"19":{"start":{"line":36,"column":6},"end":{"line":38,"column":5}},"20":{"start":{"line":37,"column":6},"end":{"line":37,"column":23}},"21":{"start":{"line":39,"column":48},"end":{"line":39,"column":56}},"22":{"start":{"line":40,"column":23},"end":{"line":40,"column":31}},"23":{"start":{"line":43,"column":4},"end":{"line":43,"column":45}},"24":{"start":{"line":45,"column":4},"end":{"line":63,"column":30}},"25":{"start":{"line":46,"column":32},"end":{"line":46,"column":65}},"26":{"start":{"line":48,"column":8},"end":{"line":60,"column":9}},"27":{"start":{"line":49,"column":10},"end":{"line":59,"column":15}},"28":{"start":{"line":50,"column":38},"end":{"line":50,"column":96}},"29":{"start":{"line":51,"column":24},"end":{"line":51,"column":43}},"30":{"start":{"line":52,"column":38},"end":{"line":52,"column":90}},"31":{"start":{"line":54,"column":14},"end":{"line":58,"column":17}},"32":{"start":{"line":61,"column":8},"end":{"line":61,"column":25}},"33":{"start":{"line":63,"column":19},"end":{"line":63,"column":28}},"34":{"start":{"line":66,"column":16},"end":{"line":66,"column":44}},"35":{"start":{"line":67,"column":4},"end":{"line":81,"column":30}},"36":{"start":{"line":68,"column":32},"end":{"line":68,"column":59}},"37":{"start":{"line":70,"column":8},"end":{"line":72,"column":9}},"38":{"start":{"line":71,"column":10},"end":{"line":71,"column":27}},"39":{"start":{"line":73,"column":8},"end":{"line":79,"column":9}},"40":{"start":{"line":74,"column":10},"end":{"line":78,"column":13}},"41":{"start":{"line":81,"column":19},"end":{"line":81,"column":28}},"42":{"start":{"line":84,"column":16},"end":{"line":84,"column":44}},"43":{"start":{"line":85,"column":39},"end":{"line":85,"column":47}},"44":{"start":{"line":87,"column":4},"end":{"line":112,"column":9}},"45":{"start":{"line":88,"column":32},"end":{"line":88,"column":59}},"46":{"start":{"line":90,"column":8},"end":{"line":92,"column":9}},"47":{"start":{"line":91,"column":10},"end":{"line":91,"column":27}},"48":{"start":{"line":93,"column":8},"end":{"line":95,"column":9}},"49":{"start":{"line":94,"column":10},"end":{"line":94,"column":27}},"50":{"start":{"line":96,"column":8},"end":{"line":98,"column":9}},"51":{"start":{"line":97,"column":10},"end":{"line":97,"column":27}},"52":{"start":{"line":100,"column":8},"end":{"line":111,"column":46}},"53":{"start":{"line":101,"column":36},"end":{"line":108,"column":14}},"54":{"start":{"line":109,"column":22},"end":{"line":111,"column":44}},"55":{"start":{"line":110,"column":41},"end":{"line":110,"column":71}},"56":{"start":{"line":111,"column":28},"end":{"line":111,"column":43}},"57":{"start":{"line":116,"column":16},"end":{"line":116,"column":44}},"58":{"start":{"line":117,"column":4},"end":{"line":129,"column":30}},"59":{"start":{"line":118,"column":32},"end":{"line":118,"column":59}},"60":{"start":{"line":120,"column":8},"end":{"line":122,"column":9}},"61":{"start":{"line":121,"column":10},"end":{"line":121,"column":27}},"62":{"start":{"line":123,"column":8},"end":{"line":127,"column":13}},"63":{"start":{"line":124,"column":36},"end":{"line":124,"column":65}},"64":{"start":{"line":126,"column":12},"end":{"line":126,"column":81}},"65":{"start":{"line":129,"column":19},"end":{"line":129,"column":28}}},"fnMap":{"0":{"name":"(anonymous_0)","decl":{"start":{"line":6,"column":12},"end":{"line":6,"column":13}},"loc":{"start":{"line":6,"column":33},"end":{"line":30,"column":3}},"line":6},"1":{"name":"(anonymous_1)","decl":{"start":{"line":18,"column":12},"end":{"line":18,"column":13}},"loc":{"start":{"line":18,"column":32},"end":{"line":18,"column":54}},"line":18},"2":{"name":"(anonymous_2)","decl":{"start":{"line":19,"column":12},"end":{"line":19,"column":13}},"loc":{"start":{"line":19,"column":23},"end":{"line":29,"column":7}},"line":19},"3":{"name":"(anonymous_3)","decl":{"start":{"line":24,"column":16},"end":{"line":24,"column":17}},"loc":{"start":{"line":24,"column":36},"end":{"line":24,"column":91}},"line":24},"4":{"name":"(anonymous_4)","decl":{"start":{"line":25,"column":16},"end":{"line":25,"column":17}},"loc":{"start":{"line":25,"column":27},"end":{"line":28,"column":11}},"line":25},"5":{"name":"(anonymous_5)","decl":{"start":{"line":31,"column":14},"end":{"line":31,"column":15}},"loc":{"start":{"line":31,"column":35},"end":{"line":64,"column":3}},"line":31},"6":{"name":"(anonymous_6)","decl":{"start":{"line":46,"column":12},"end":{"line":46,"column":13}},"loc":{"start":{"line":46,"column":32},"end":{"line":46,"column":65}},"line":46},"7":{"name":"(anonymous_7)","decl":{"start":{"line":47,"column":12},"end":{"line":47,"column":13}},"loc":{"start":{"line":47,"column":22},"end":{"line":62,"column":7}},"line":47},"8":{"name":"(anonymous_8)","decl":{"start":{"line":50,"column":18},"end":{"line":50,"column":19}},"loc":{"start":{"line":50,"column":38},"end":{"line":50,"column":96}},"line":50},"9":{"name":"(anonymous_9)","decl":{"start":{"line":51,"column":18},"end":{"line":51,"column":19}},"loc":{"start":{"line":51,"column":24},"end":{"line":51,"column":43}},"line":51},"10":{"name":"(anonymous_10)","decl":{"start":{"line":52,"column":18},"end":{"line":52,"column":19}},"loc":{"start":{"line":52,"column":38},"end":{"line":52,"column":90}},"line":52},"11":{"name":"(anonymous_11)","decl":{"start":{"line":53,"column":18},"end":{"line":53,"column":19}},"loc":{"start":{"line":53,"column":31},"end":{"line":59,"column":13}},"line":53},"12":{"name":"(anonymous_12)","decl":{"start":{"line":63,"column":13},"end":{"line":63,"column":14}},"loc":{"start":{"line":63,"column":19},"end":{"line":63,"column":28}},"line":63},"13":{"name":"(anonymous_13)","decl":{"start":{"line":65,"column":14},"end":{"line":65,"column":15}},"loc":{"start":{"line":65,"column":35},"end":{"line":82,"column":3}},"line":65},"14":{"name":"(anonymous_14)","decl":{"start":{"line":68,"column":12},"end":{"line":68,"column":13}},"loc":{"start":{"line":68,"column":32},"end":{"line":68,"column":59}},"line":68},"15":{"name":"(anonymous_15)","decl":{"start":{"line":69,"column":12},"end":{"line":69,"column":13}},"loc":{"start":{"line":69,"column":22},"end":{"line":80,"column":7}},"line":69},"16":{"name":"(anonymous_16)","decl":{"start":{"line":81,"column":13},"end":{"line":81,"column":14}},"loc":{"start":{"line":81,"column":19},"end":{"line":81,"column":28}},"line":81},"17":{"name":"(anonymous_17)","decl":{"start":{"line":83,"column":17},"end":{"line":83,"column":18}},"loc":{"start":{"line":83,"column":38},"end":{"line":113,"column":3}},"line":83},"18":{"name":"(anonymous_18)","decl":{"start":{"line":88,"column":12},"end":{"line":88,"column":13}},"loc":{"start":{"line":88,"column":32},"end":{"line":88,"column":59}},"line":88},"19":{"name":"(anonymous_19)","decl":{"start":{"line":89,"column":12},"end":{"line":89,"column":13}},"loc":{"start":{"line":89,"column":22},"end":{"line":112,"column":7}},"line":89},"20":{"name":"(anonymous_20)","decl":{"start":{"line":101,"column":16},"end":{"line":101,"column":17}},"loc":{"start":{"line":101,"column":36},"end":{"line":108,"column":14}},"line":101},"21":{"name":"(anonymous_21)","decl":{"start":{"line":109,"column":16},"end":{"line":109,"column":17}},"loc":{"start":{"line":109,"column":22},"end":{"line":111,"column":44}},"line":109},"22":{"name":"(anonymous_22)","decl":{"start":{"line":110,"column":18},"end":{"line":110,"column":19}},"loc":{"start":{"line":110,"column":41},"end":{"line":110,"column":71}},"line":110},"23":{"name":"(anonymous_23)","decl":{"start":{"line":111,"column":18},"end":{"line":111,"column":19}},"loc":{"start":{"line":111,"column":28},"end":{"line":111,"column":43}},"line":111},"24":{"name":"(anonymous_24)","decl":{"start":{"line":115,"column":14},"end":{"line":115,"column":15}},"loc":{"start":{"line":115,"column":35},"end":{"line":130,"column":3}},"line":115},"25":{"name":"(anonymous_25)","decl":{"start":{"line":118,"column":12},"end":{"line":118,"column":13}},"loc":{"start":{"line":118,"column":32},"end":{"line":118,"column":59}},"line":118},"26":{"name":"(anonymous_26)","decl":{"start":{"line":119,"column":12},"end":{"line":119,"column":13}},"loc":{"start":{"line":119,"column":22},"end":{"line":128,"column":7}},"line":119},"27":{"name":"(anonymous_27)","decl":{"start":{"line":124,"column":16},"end":{"line":124,"column":17}},"loc":{"start":{"line":124,"column":36},"end":{"line":124,"column":65}},"line":124},"28":{"name":"(anonymous_28)","decl":{"start":{"line":125,"column":16},"end":{"line":125,"column":17}},"loc":{"start":{"line":125,"column":22},"end":{"line":127,"column":11}},"line":125},"29":{"name":"(anonymous_29)","decl":{"start":{"line":129,"column":13},"end":{"line":129,"column":14}},"loc":{"start":{"line":129,"column":19},"end":{"line":129,"column":28}},"line":129}},"branchMap":{"0":{"loc":{"start":{"line":11,"column":18},"end":{"line":11,"column":53}},"type":"binary-expr","locations":[{"start":{"line":11,"column":18},"end":{"line":11,"column":47}},{"start":{"line":11,"column":51},"end":{"line":11,"column":53}}],"line":11},"1":{"loc":{"start":{"line":14,"column":17},"end":{"line":14,"column":50}},"type":"binary-expr","locations":[{"start":{"line":14,"column":17},"end":{"line":14,"column":45}},{"start":{"line":14,"column":49},"end":{"line":14,"column":50}}],"line":14},"2":{"loc":{"start":{"line":32,"column":4},"end":{"line":34,"column":5}},"type":"if","locations":[{"start":{"line":32,"column":4},"end":{"line":34,"column":5}},{"start":{"line":32,"column":4},"end":{"line":34,"column":5}}],"line":32},"3":{"loc":{"start":{"line":32,"column":8},"end":{"line":32,"column":45}},"type":"binary-expr","locations":[{"start":{"line":32,"column":8},"end":{"line":32,"column":23}},{"start":{"line":32,"column":27},"end":{"line":32,"column":45}}],"line":32},"4":{"loc":{"start":{"line":34,"column":6},"end":{"line":36,"column":5}},"type":"if","locations":[{"start":{"line":34,"column":6},"end":{"line":36,"column":5}},{"start":{"line":34,"column":6},"end":{"line":36,"column":5}}],"line":34},"5":{"loc":{"start":{"line":36,"column":6},"end":{"line":38,"column":5}},"type":"if","locations":[{"start":{"line":36,"column":6},"end":{"line":38,"column":5}},{"start":{"line":36,"column":6},"end":{"line":38,"column":5}}],"line":36},"6":{"loc":{"start":{"line":39,"column":19},"end":{"line":39,"column":43}},"type":"default-arg","locations":[{"start":{"line":39,"column":27},"end":{"line":39,"column":43}}],"line":39},"7":{"loc":{"start":{"line":48,"column":8},"end":{"line":60,"column":9}},"type":"if","locations":[{"start":{"line":48,"column":8},"end":{"line":60,"column":9}},{"start":{"line":48,"column":8},"end":{"line":60,"column":9}}],"line":48},"8":{"loc":{"start":{"line":70,"column":8},"end":{"line":72,"column":9}},"type":"if","locations":[{"start":{"line":70,"column":8},"end":{"line":72,"column":9}},{"start":{"line":70,"column":8},"end":{"line":72,"column":9}}],"line":70},"9":{"loc":{"start":{"line":73,"column":8},"end":{"line":79,"column":9}},"type":"if","locations":[{"start":{"line":73,"column":8},"end":{"line":79,"column":9}},{"start":{"line":73,"column":8},"end":{"line":79,"column":9}}],"line":73},"10":{"loc":{"start":{"line":90,"column":8},"end":{"line":92,"column":9}},"type":"if","locations":[{"start":{"line":90,"column":8},"end":{"line":92,"column":9}},{"start":{"line":90,"column":8},"end":{"line":92,"column":9}}],"line":90},"11":{"loc":{"start":{"line":93,"column":8},"end":{"line":95,"column":9}},"type":"if","locations":[{"start":{"line":93,"column":8},"end":{"line":95,"column":9}},{"start":{"line":93,"column":8},"end":{"line":95,"column":9}}],"line":93},"12":{"loc":{"start":{"line":93,"column":12},"end":{"line":93,"column":59}},"type":"binary-expr","locations":[{"start":{"line":93,"column":12},"end":{"line":93,"column":41}},{"start":{"line":93,"column":45},"end":{"line":93,"column":59}}],"line":93},"13":{"loc":{"start":{"line":96,"column":8},"end":{"line":98,"column":9}},"type":"if","locations":[{"start":{"line":96,"column":8},"end":{"line":98,"column":9}},{"start":{"line":96,"column":8},"end":{"line":98,"column":9}}],"line":96},"14":{"loc":{"start":{"line":96,"column":12},"end":{"line":96,"column":49}},"type":"binary-expr","locations":[{"start":{"line":96,"column":12},"end":{"line":96,"column":27}},{"start":{"line":96,"column":31},"end":{"line":96,"column":49}}],"line":96},"15":{"loc":{"start":{"line":104,"column":23},"end":{"line":104,"column":42}},"type":"binary-expr","locations":[{"start":{"line":104,"column":23},"end":{"line":104,"column":28}},{"start":{"line":104,"column":32},"end":{"line":104,"column":42}}],"line":104},"16":{"loc":{"start":{"line":105,"column":26},"end":{"line":105,"column":82}},"type":"cond-expr","locations":[{"start":{"line":105,"column":37},"end":{"line":105,"column":66}},{"start":{"line":105,"column":69},"end":{"line":105,"column":82}}],"line":105},"17":{"loc":{"start":{"line":106,"column":23},"end":{"line":106,"column":42}},"type":"binary-expr","locations":[{"start":{"line":106,"column":23},"end":{"line":106,"column":28}},{"start":{"line":106,"column":32},"end":{"line":106,"column":42}}],"line":106},"18":{"loc":{"start":{"line":120,"column":8},"end":{"line":122,"column":9}},"type":"if","locations":[{"start":{"line":120,"column":8},"end":{"line":122,"column":9}},{"start":{"line":120,"column":8},"end":{"line":122,"column":9}}],"line":120}},"s":{"0":1,"1":1,"2":1,"3":1,"4":0,"5":0,"6":0,"7":0,"8":0,"9":0,"10":0,"11":0,"12":0,"13":0,"14":0,"15":5,"16":1,"17":4,"18":1,"19":3,"20":1,"21":2,"22":2,"23":2,"24":2,"25":2,"26":2,"27":0,"28":0,"29":0,"30":0,"31":0,"32":2,"33":2,"34":2,"35":2,"36":2,"37":2,"38":0,"39":2,"40":2,"41":2,"42":0,"43":0,"44":0,"45":0,"46":0,"47":0,"48":0,"49":0,"50":0,"51":0,"52":0,"53":0,"54":0,"55":0,"56":0,"57":0,"58":0,"59":0,"60":0,"61":0,"62":0,"63":0,"64":0,"65":0},"f":{"0":0,"1":0,"2":0,"3":0,"4":0,"5":5,"6":2,"7":2,"8":0,"9":0,"10":0,"11":0,"12":2,"13":2,"14":2,"15":2,"16":2,"17":0,"18":0,"19":0,"20":0,"21":0,"22":0,"23":0,"24":0,"25":0,"26":0,"27":0,"28":0,"29":0},"b":{"0":[0,0],"1":[0,0],"2":[1,4],"3":[5,4],"4":[1,3],"5":[1,2],"6":[1],"7":[0,2],"8":[0,2],"9":[2,0],"10":[0,0],"11":[0,0],"12":[0,0],"13":[0,0],"14":[0,0],"15":[0,0],"16":[0,0],"17":[0,0],"18":[0,0]},"_coverageSchema":"43e27e138ebf9cfc5966b082cf9a028302ed4184","hash":"cbeaf39de1755bf030c64033236ddcc58c6eac6f"}
,"/home/omairapalacios/Documents/My_Projects/LIM011-fe-burger-queen-api/utils/utils.js": {"path":"/home/omairapalacios/Documents/My_Projects/LIM011-fe-burger-queen-api/utils/utils.js","statementMap":{"0":{"start":{"line":1,"column":21},"end":{"line":1,"column":39}},"1":{"start":{"line":2,"column":19},"end":{"line":2,"column":54}},"2":{"start":{"line":6,"column":0},"end":{"line":9,"column":2}},"3":{"start":{"line":7,"column":16},"end":{"line":7,"column":167}},"4":{"start":{"line":8,"column":2},"end":{"line":8,"column":49}},"5":{"start":{"line":12,"column":0},"end":{"line":20,"column":2}},"6":{"start":{"line":13,"column":19},"end":{"line":13,"column":21}},"7":{"start":{"line":14,"column":2},"end":{"line":18,"column":3}},"8":{"start":{"line":15,"column":4},"end":{"line":15,"column":37}},"9":{"start":{"line":17,"column":4},"end":{"line":17,"column":25}},"10":{"start":{"line":19,"column":2},"end":{"line":19,"column":18}},"11":{"start":{"line":22,"column":0},"end":{"line":32,"column":2}},"12":{"start":{"line":23,"column":20},"end":{"line":23,"column":68}},"13":{"start":{"line":25,"column":19},"end":{"line":25,"column":73}},"14":{"start":{"line":27,"column":19},"end":{"line":27,"column":73}},"15":{"start":{"line":29,"column":19},"end":{"line":29,"column":77}},"16":{"start":{"line":31,"column":2},"end":{"line":31,"column":63}},"17":{"start":{"line":34,"column":0},"end":{"line":53,"column":2}},"18":{"start":{"line":35,"column":2},"end":{"line":52,"column":10}},"19":{"start":{"line":36,"column":34},"end":{"line":52,"column":8}},"20":{"start":{"line":39,"column":8},"end":{"line":51,"column":13}},"21":{"start":{"line":40,"column":38},"end":{"line":40,"column":94}},"22":{"start":{"line":42,"column":12},"end":{"line":44,"column":13}},"23":{"start":{"line":43,"column":14},"end":{"line":43,"column":31}},"24":{"start":{"line":46,"column":12},"end":{"line":49,"column":16}},"25":{"start":{"line":46,"column":66},"end":{"line":49,"column":13}},"26":{"start":{"line":48,"column":49},"end":{"line":48,"column":84}},"27":{"start":{"line":50,"column":12},"end":{"line":50,"column":29}}},"fnMap":{"0":{"name":"(anonymous_0)","decl":{"start":{"line":6,"column":31},"end":{"line":6,"column":32}},"loc":{"start":{"line":6,"column":42},"end":{"line":9,"column":1}},"line":6},"1":{"name":"(anonymous_1)","decl":{"start":{"line":12,"column":30},"end":{"line":12,"column":31}},"loc":{"start":{"line":12,"column":39},"end":{"line":20,"column":1}},"line":12},"2":{"name":"(anonymous_2)","decl":{"start":{"line":22,"column":31},"end":{"line":22,"column":32}},"loc":{"start":{"line":22,"column":67},"end":{"line":32,"column":1}},"line":22},"3":{"name":"(anonymous_3)","decl":{"start":{"line":34,"column":29},"end":{"line":34,"column":30}},"loc":{"start":{"line":34,"column":64},"end":{"line":53,"column":1}},"line":34},"4":{"name":"(anonymous_4)","decl":{"start":{"line":36,"column":10},"end":{"line":36,"column":11}},"loc":{"start":{"line":36,"column":34},"end":{"line":52,"column":8}},"line":36},"5":{"name":"(anonymous_5)","decl":{"start":{"line":37,"column":12},"end":{"line":37,"column":13}},"loc":{"start":{"line":37,"column":31},"end":{"line":52,"column":7}},"line":37},"6":{"name":"(anonymous_6)","decl":{"start":{"line":40,"column":16},"end":{"line":40,"column":17}},"loc":{"start":{"line":40,"column":38},"end":{"line":40,"column":94}},"line":40},"7":{"name":"(anonymous_7)","decl":{"start":{"line":41,"column":16},"end":{"line":41,"column":17}},"loc":{"start":{"line":41,"column":27},"end":{"line":51,"column":11}},"line":41},"8":{"name":"(anonymous_8)","decl":{"start":{"line":46,"column":48},"end":{"line":46,"column":49}},"loc":{"start":{"line":46,"column":66},"end":{"line":49,"column":13}},"line":46},"9":{"name":"(anonymous_9)","decl":{"start":{"line":48,"column":42},"end":{"line":48,"column":43}},"loc":{"start":{"line":48,"column":49},"end":{"line":48,"column":84}},"line":48}},"branchMap":{"0":{"loc":{"start":{"line":14,"column":2},"end":{"line":18,"column":3}},"type":"if","locations":[{"start":{"line":14,"column":2},"end":{"line":18,"column":3}},{"start":{"line":14,"column":2},"end":{"line":18,"column":3}}],"line":14},"1":{"loc":{"start":{"line":42,"column":12},"end":{"line":44,"column":13}},"type":"if","locations":[{"start":{"line":42,"column":12},"end":{"line":44,"column":13}},{"start":{"line":42,"column":12},"end":{"line":44,"column":13}}],"line":42}},"s":{"0":1,"1":1,"2":1,"3":6,"4":6,"5":1,"6":2,"7":2,"8":0,"9":2,"10":2,"11":1,"12":0,"13":0,"14":0,"15":0,"16":0,"17":1,"18":0,"19":0,"20":0,"21":0,"22":0,"23":0,"24":0,"25":0,"26":0,"27":0},"f":{"0":6,"1":2,"2":0,"3":0,"4":0,"5":0,"6":0,"7":0,"8":0,"9":0},"b":{"0":[0,2],"1":[0,0]},"_coverageSchema":"43e27e138ebf9cfc5966b082cf9a028302ed4184","hash":"c1a3e0defd24c6aed2fc9a648cbe34ae3c393aec"}
}
