TN:
SF:/home/omairapalacios/Documents/My_Projects/LIM011-fe-burger-queen-api/config.js
FNF:0
FNH:0
DA:1,1
DA:2,1
DA:3,1
DA:4,1
DA:5,1
LF:5
LH:5
BRDA:1,0,0,1
BRDA:1,0,1,0
BRDA:1,0,2,0
BRDA:2,1,0,1
BRDA:2,1,1,1
BRDA:3,2,0,1
BRDA:3,2,1,1
BRDA:4,3,0,1
BRDA:4,3,1,1
BRDA:5,4,0,1
BRDA:5,4,1,1
BRF:11
BRH:9
end_of_record
TN:
SF:/home/omairapalacios/Documents/My_Projects/LIM011-fe-burger-queen-api/connection/collection.js
FN:3,(anonymous_0)
FN:4,(anonymous_1)
FNF:2
FNH:2
FNDA:17,(anonymous_0)
FNDA:17,(anonymous_1)
DA:1,1
DA:3,17
DA:4,17
LF:3
LH:3
BRF:0
BRH:0
end_of_record
TN:
SF:/home/omairapalacios/Documents/My_Projects/LIM011-fe-burger-queen-api/connection/connect_db.js
FN:6,(anonymous_0)
FN:9,(anonymous_1)
FNF:2
FNH:2
FNDA:36,(anonymous_0)
FNDA:1,(anonymous_1)
DA:1,1
DA:2,1
DA:6,1
DA:7,36
DA:8,1
DA:10,1
DA:11,1
DA:14,35
LF:8
LH:8
BRDA:7,0,0,1
BRDA:7,0,1,35
BRF:2
BRH:2
end_of_record
TN:
SF:/home/omairapalacios/Documents/My_Projects/LIM011-fe-burger-queen-api/controller/users.js
FN:6,(anonymous_0)
FN:18,(anonymous_1)
FN:19,(anonymous_2)
FN:24,(anonymous_3)
FN:25,(anonymous_4)
FN:30,(anonymous_5)
FN:32,(anonymous_6)
FN:47,(anonymous_7)
FN:48,(anonymous_8)
FN:53,(anonymous_9)
FN:54,(anonymous_10)
FN:55,(anonymous_11)
FN:56,(anonymous_12)
FN:64,(anonymous_13)
FN:68,(anonymous_14)
FN:71,(anonymous_15)
FN:72,(anonymous_16)
FN:84,(anonymous_17)
FN:86,(anonymous_18)
FN:91,(anonymous_19)
FN:92,(anonymous_20)
FN:104,(anonymous_21)
FN:114,(anonymous_22)
FN:115,(anonymous_23)
FN:116,(anonymous_24)
FN:118,(anonymous_25)
FN:121,(anonymous_26)
FN:124,(anonymous_27)
FN:125,(anonymous_28)
FN:130,(anonymous_29)
FN:131,(anonymous_30)
FN:133,(anonymous_31)
FNF:32
FNH:27
FNDA:1,(anonymous_0)
FNDA:1,(anonymous_1)
FNDA:1,(anonymous_2)
FNDA:1,(anonymous_3)
FNDA:1,(anonymous_4)
FNDA:0,(anonymous_5)
FNDA:5,(anonymous_6)
FNDA:2,(anonymous_7)
FNDA:2,(anonymous_8)
FNDA:1,(anonymous_9)
FNDA:1,(anonymous_10)
FNDA:1,(anonymous_11)
FNDA:1,(anonymous_12)
FNDA:0,(anonymous_13)
FNDA:2,(anonymous_14)
FNDA:2,(anonymous_15)
FNDA:2,(anonymous_16)
FNDA:0,(anonymous_17)
FNDA:4,(anonymous_18)
FNDA:4,(anonymous_19)
FNDA:4,(anonymous_20)
FNDA:1,(anonymous_21)
FNDA:1,(anonymous_22)
FNDA:1,(anonymous_23)
FNDA:1,(anonymous_24)
FNDA:0,(anonymous_25)
FNDA:2,(anonymous_26)
FNDA:2,(anonymous_27)
FNDA:2,(anonymous_28)
FNDA:1,(anonymous_29)
FNDA:1,(anonymous_30)
FNDA:0,(anonymous_31)
DA:1,1
DA:2,1
DA:3,1
DA:5,1
DA:8,1
DA:11,1
DA:14,1
DA:17,1
DA:18,1
DA:20,1
DA:21,1
DA:23,1
DA:24,1
DA:26,1
DA:27,1
DA:30,0
DA:33,5
DA:34,1
DA:35,4
DA:36,1
DA:37,3
DA:38,1
DA:40,2
DA:41,2
DA:44,2
DA:46,2
DA:47,2
DA:49,2
DA:50,1
DA:52,1
DA:53,1
DA:54,1
DA:55,1
DA:57,1
DA:65,0
DA:69,2
DA:70,2
DA:71,2
DA:73,2
DA:74,1
DA:76,1
DA:77,1
DA:84,0
DA:87,4
DA:90,4
DA:91,4
DA:93,4
DA:94,1
DA:96,3
DA:97,1
DA:99,2
DA:100,1
DA:103,1
DA:104,1
DA:114,1
DA:115,1
DA:116,1
DA:118,0
DA:122,2
DA:123,2
DA:124,2
DA:126,2
DA:127,1
DA:129,1
DA:130,1
DA:131,1
DA:133,0
LF:67
LH:62
BRDA:11,0,0,1
BRDA:11,0,1,1
BRDA:14,1,0,1
BRDA:14,1,1,1
BRDA:33,2,0,1
BRDA:33,2,1,4
BRDA:33,3,0,5
BRDA:33,3,1,4
BRDA:35,4,0,1
BRDA:35,4,1,3
BRDA:37,5,0,1
BRDA:37,5,1,2
BRDA:40,6,0,1
BRDA:49,7,0,1
BRDA:49,7,1,1
BRDA:73,8,0,1
BRDA:73,8,1,1
BRDA:76,9,0,1
BRDA:76,9,1,0
BRDA:93,10,0,1
BRDA:93,10,1,3
BRDA:96,11,0,1
BRDA:96,11,1,2
BRDA:96,12,0,3
BRDA:96,12,1,1
BRDA:99,13,0,1
BRDA:99,13,1,1
BRDA:99,14,0,2
BRDA:99,14,1,1
BRDA:107,15,0,1
BRDA:107,15,1,0
BRDA:108,16,0,1
BRDA:108,16,1,0
BRDA:111,17,0,1
BRDA:111,17,1,0
BRDA:126,18,0,1
BRDA:126,18,1,1
BRF:37
BRH:33
end_of_record
TN:
SF:/home/omairapalacios/Documents/My_Projects/LIM011-fe-burger-queen-api/utils/utils.js
FN:6,(anonymous_0)
FN:12,(anonymous_1)
FN:22,(anonymous_2)
FN:34,(anonymous_3)
FN:36,(anonymous_4)
FN:37,(anonymous_5)
FN:40,(anonymous_6)
FN:41,(anonymous_7)
FN:46,(anonymous_8)
FN:48,(anonymous_9)
FNF:10
FNH:3
FNDA:12,(anonymous_0)
FNDA:8,(anonymous_1)
FNDA:1,(anonymous_2)
FNDA:0,(anonymous_3)
FNDA:0,(anonymous_4)
FNDA:0,(anonymous_5)
FNDA:0,(anonymous_6)
FNDA:0,(anonymous_7)
FNDA:0,(anonymous_8)
FNDA:0,(anonymous_9)
DA:1,1
DA:2,1
DA:6,1
DA:7,12
DA:8,12
DA:12,1
DA:13,8
DA:14,8
DA:15,0
DA:17,8
DA:19,8
DA:22,1
DA:23,1
DA:25,1
DA:27,1
DA:29,1
DA:31,1
DA:34,1
DA:35,0
DA:36,0
DA:39,0
DA:40,0
DA:42,0
DA:43,0
DA:46,0
DA:48,0
DA:50,0
LF:27
LH:17
BRDA:14,0,0,0
BRDA:14,0,1,8
BRDA:42,1,0,0
BRDA:42,1,1,0
BRF:4
BRH:1
end_of_record
